app/platforms/android/app/build/outputs/logs/manifest-merger-debug-report.txt
-- Merging decision tree log ---
manifest
ADDED from src\main\AndroidManifest.xml:2:1-29:12
INJECTED from src\main\AndroidManifest.xml:2:1-29:12
INJECTED from src\main\AndroidManifest.xml:2:1-29:12
INJECTED from src\main\AndroidManifest.xml:2:1-29:12
MERGED from [com.android.support:customtabs:23.3.0] AndroidManifest.xml:17:1-24:12
MERGED from [:CordovaLib] AndroidManifest.xml:20:1-27:12
MERGED from [com.android.support:support-v4:23.3.0] AndroidManifest.xml:17:1-24:12
INJECTED from src\main\AndroidManifest.xml:2:1-29:12
INJECTED from src\main\AndroidManifest.xml:2:1-29:12
INJECTED from src\main\AndroidManifest.xml:2:1-29:12
	package
		ADDED from src\main\AndroidManifest.xml:2:102-125
		INJECTED from src\main\AndroidManifest.xml
		INJECTED from src\main\AndroidManifest.xml
	android:versionName
		ADDED from src\main\AndroidManifest.xml:2:74-101
		INJECTED from src\main\AndroidManifest.xml
		INJECTED from src\main\AndroidManifest.xml
	android:hardwareAccelerated
		ADDED from src\main\AndroidManifest.xml:2:11-45
	xmlns:android
		ADDED from src\main\AndroidManifest.xml:2:126-184
	android:versionCode
		ADDED from src\main\AndroidManifest.xml:2:46-73
		INJECTED from src\main\AndroidManifest.xml
		INJECTED from src\main\AndroidManifest.xml
supports-screens
ADDED from src\main\AndroidManifest.xml:3:3-188
	android:largeScreens
		ADDED from src\main\AndroidManifest.xml:3:47-74
	android:smallScreens
		ADDED from src\main\AndroidManifest.xml:3:130-157
	android:normalScreens
		ADDED from src\main\AndroidManifest.xml:3:75-103
	android:xlargeScreens
		ADDED from src\main\AndroidManifest.xml:3:158-186
	android:resizeable
		ADDED from src\main\AndroidManifest.xml:3:104-129
	android:anyDensity
		ADDED from src\main\AndroidManifest.xml:3:21-46
uses-permission#android.permission.INTERNET
ADDED from src\main\AndroidManifest.xml:4:3-64
	android:name
		ADDED from src\main\AndroidManifest.xml:4:20-62
uses-permission#android.permission.ACCESS_COARSE_LOCATION
ADDED from src\main\AndroidManifest.xml:5:3-78
	android:name
		ADDED from src\main\AndroidManifest.xml:5:20-76
uses-permission#android.permission.ACCESS_FINE_LOCATION
ADDED from src\main\AndroidManifest.xml:6:3-76
	android:name
		ADDED from src\main\AndroidManifest.xml:6:20-74
application
ADDED from src\main\AndroidManifest.xml:7:3-26:17
MERGED from [com.android.support:customtabs:23.3.0] AndroidManifest.xml:22:5-20
MERGED from [com.android.support:customtabs:23.3.0] AndroidManifest.xml:22:5-20
MERGED from [com.android.support:support-v4:23.3.0] AndroidManifest.xml:22:5-20
MERGED from [com.android.support:support-v4:23.3.0] AndroidManifest.xml:22:5-20
	android:supportsRtl
		ADDED from src\main\AndroidManifest.xml:7:112-138
	android:label
		ADDED from src\main\AndroidManifest.xml:7:79-111
	android:hardwareAccelerated
		ADDED from src\main\AndroidManifest.xml:7:16-50
	android:icon
		ADDED from src\main\AndroidManifest.xml:7:51-78
activity#com.fast.uber.MainActivity
ADDED from src\main\AndroidManifest.xml:8:5-25:16
	android:label
		ADDED from src\main\AndroidManifest.xml:8:93-130
	android:launchMode
		ADDED from src\main\AndroidManifest.xml:8:131-162
	android:windowSoftInputMode
		ADDED from src\main\AndroidManifest.xml:8:254-296
	android:configChanges
		ADDED from src\main\AndroidManifest.xml:8:15-92
	android:theme
		ADDED from src\main\AndroidManifest.xml:8:191-253
	android:name
		ADDED from src\main\AndroidManifest.xml:8:163-190
intent-filter#android.intent.action.MAIN+android.intent.category.LAUNCHER
ADDED from src\main\AndroidManifest.xml:9:7-12:23
	android:label
		ADDED from src\main\AndroidManifest.xml:9:22-59
action#android.intent.action.MAIN
ADDED from src\main\AndroidManifest.xml:10:9-60
	android:name
		ADDED from src\main\AndroidManifest.xml:10:17-58
category#android.intent.category.LAUNCHER
ADDED from src\main\AndroidManifest.xml:11:9-68
	android:name
		ADDED from src\main\AndroidManifest.xml:11:19-66
intent-filter#android.intent.action.VIEW+android.intent.category.BROWSABLE+android.intent.category.DEFAULT
ADDED from src\main\AndroidManifest.xml:13:7-18:23
	android:autoVerify
		ADDED from src\main\AndroidManifest.xml:13:22-47
action#android.intent.action.VIEW
ADDED from src\main\AndroidManifest.xml:14:9-60
	android:name
		ADDED from src\main\AndroidManifest.xml:14:17-58
category#android.intent.category.DEFAULT
ADDED from src\main\AndroidManifest.xml:15:9-67
	android:name
		ADDED from src\main\AndroidManifest.xml:15:19-65
category#android.intent.category.BROWSABLE
ADDED from src\main\AndroidManifest.xml:16:9-69
	android:name
		ADDED from src\main\AndroidManifest.xml:16:19-67
data
ADDED from src\main\AndroidManifest.xml:17:9-73
	android:path
		ADDED from src\main\AndroidManifest.xml:23:80-112
	android:host
		ADDED from src\main\AndroidManifest.xml:17:15-48
	android:scheme
		ADDED from src\main\AndroidManifest.xml:17:49-71
uses-sdk
ADDED from src\main\AndroidManifest.xml:27:3-71
INJECTED from src\main\AndroidManifest.xml:27:3-71
MERGED from [com.android.support:customtabs:23.3.0] AndroidManifest.xml:20:5-44
MERGED from [com.android.support:customtabs:23.3.0] AndroidManifest.xml:20:5-44
MERGED from [:CordovaLib] AndroidManifest.xml:25:5-44
MERGED from [:CordovaLib] AndroidManifest.xml:25:5-44
MERGED from [com.android.support:support-v4:23.3.0] AndroidManifest.xml:20:5-43
MERGED from [com.android.support:support-v4:23.3.0] AndroidManifest.xml:20:5-43
INJECTED from src\main\AndroidManifest.xml:27:3-71
	android:targetSdkVersion
		ADDED from src\main\AndroidManifest.xml:27:40-69
	android:minSdkVersion
		ADDED from src\main\AndroidManifest.xml:27:13-39
		INJECTED from src\main\AndroidManifest.xml
		INJECTED from src\main\AndroidManifest.xml
uses-feature#android.hardware.location.gps
ADDED from src\main\AndroidManifest.xml:28:3-63
	android:name
		ADDED from src\main\AndroidManifest.xml:28:17-61